<?xml version="1.0" encoding="UTF-8"?>
<!-- Generated by org.testng.reporters.JUnitReportReporter -->
<testsuite hostname="LAPTOP-A5IMFISJ" failures="0" tests="1" name="ps1" time="0.025" errors="0" timestamp="2024-06-06T16:28:01 IST" skipped="0">
  <testcase classname="ps1" name="testun" time="0.025"/>
</testsuite> <!-- ps1 -->
