<?xml version="1.0" encoding="UTF-8"?>
<!-- Generated by org.testng.reporters.JUnitReportReporter -->
<testsuite hostname="LAPTOP-A5IMFISJ" failures="0" tests="1" name="ps1" time="0.049" errors="0" timestamp="2024-07-23T16:25:36 IST" skipped="0">
  <testcase classname="ps1" name="testun" time="0.049"/>
</testsuite> <!-- ps1 -->
